\BOOKMARK [0][-]{section*.1}{Contents}{}% 1
\BOOKMARK [0][-]{chapter*.3}{List\040of\040Figures}{}% 2
\BOOKMARK [0][-]{chapter*.4}{List\040of\040Tables}{}% 3
\BOOKMARK [0][-]{section*.6}{Abbreviations}{}% 4
\BOOKMARK [0][-]{chapter.1}{1\040Introduction\040and\040Motivation}{}% 5
\BOOKMARK [1][-]{section.1.1}{1.1\040Related\040Work}{chapter.1}% 6
\BOOKMARK [0][-]{chapter.2}{2\040Workflow\040Management\040Systems}{}% 7
\BOOKMARK [1][-]{section.2.1}{2.1\040Concepts}{chapter.2}% 8
\BOOKMARK [2][-]{subsection.2.1.1}{2.1.1\040Workflow}{section.2.1}% 9
\BOOKMARK [2][-]{subsection.2.1.2}{2.1.2\040Process\040Definition}{section.2.1}% 10
\BOOKMARK [2][-]{subsection.2.1.3}{2.1.3\040Process\040Instance}{section.2.1}% 11
\BOOKMARK [2][-]{subsection.2.1.4}{2.1.4\040Activity\040Instance}{section.2.1}% 12
\BOOKMARK [2][-]{subsection.2.1.5}{2.1.5\040Workflow\040Data}{section.2.1}% 13
\BOOKMARK [2][-]{subsection.2.1.6}{2.1.6\040Workflow\040Participant\040and\040Worklist}{section.2.1}% 14
\BOOKMARK [1][-]{section.2.2}{2.2\040Typical\040Architecture}{chapter.2}% 15
\BOOKMARK [2][-]{subsection.2.2.1}{2.2.1\040Functional\040Areas}{section.2.2}% 16
\BOOKMARK [2][-]{subsection.2.2.2}{2.2.2\040System\040Components}{section.2.2}% 17
\BOOKMARK [2][-]{subsection.2.2.3}{2.2.3\040WFMS\040Implementation\040Structure}{section.2.2}% 18
\BOOKMARK [0][-]{chapter.3}{3\040Docker}{}% 19
\BOOKMARK [1][-]{section.3.1}{3.1\040Concepts}{chapter.3}% 20
\BOOKMARK [2][-]{subsection.3.1.1}{3.1.1\040Virtualization\040and\040Software\040Containers}{section.3.1}% 21
\BOOKMARK [2][-]{subsection.3.1.2}{3.1.2\040Docker\040Images\040and\040Containers}{section.3.1}% 22
\BOOKMARK [2][-]{subsection.3.1.3}{3.1.3\040Data\040Volumes}{section.3.1}% 23
\BOOKMARK [2][-]{subsection.3.1.4}{3.1.4\040Dockerfiles}{section.3.1}% 24
\BOOKMARK [2][-]{subsection.3.1.5}{3.1.5\040Registries\040and\040Repositories}{section.3.1}% 25
\BOOKMARK [2][-]{subsection.3.1.6}{3.1.6\040Docker\040Networking}{section.3.1}% 26
\BOOKMARK [1][-]{section.3.2}{3.2\040Docker\040Engine}{chapter.3}% 27
\BOOKMARK [1][-]{section.3.3}{3.3\040Docker\040Ecosystem}{chapter.3}% 28
\BOOKMARK [2][-]{subsection.3.3.1}{3.3.1\040Docker\040Swarm}{section.3.3}% 29
\BOOKMARK [2][-]{subsection.3.3.2}{3.3.2\040Docker\040Machine}{section.3.3}% 30
\BOOKMARK [2][-]{subsection.3.3.3}{3.3.3\040Docker\040Compose}{section.3.3}% 31
\BOOKMARK [2][-]{subsection.3.3.4}{3.3.4\040Docker\040Hub}{section.3.3}% 32
\BOOKMARK [0][-]{chapter.4}{4\040Conceptual\040Development\040of\040the\040WFMS}{}% 33
\BOOKMARK [1][-]{section.4.1}{4.1\040Determination\040of\040Objectives}{chapter.4}% 34
\BOOKMARK [2][-]{subsection.4.1.1}{4.1.1\040Functional\040Objectives}{section.4.1}% 35
\BOOKMARK [2][-]{subsection.4.1.2}{4.1.2\040Intangible\040Objectives}{section.4.1}% 36
\BOOKMARK [1][-]{section.4.2}{4.2\040Docker\040in\040Workflow\040Execution}{chapter.4}% 37
\BOOKMARK [2][-]{subsection.4.2.1}{4.2.1\040Mode\040of\040operation\040of\040the\040Aspects}{section.4.2}% 38
\BOOKMARK [2][-]{subsection.4.2.2}{4.2.2\040Grouped\040execution\040using\040common\040data\040volume}{section.4.2}% 39
\BOOKMARK [2][-]{subsection.4.2.3}{4.2.3\040Grouped\040or\040spread\040execution\040using\040an\040intermediate\040service}{section.4.2}% 40
\BOOKMARK [2][-]{subsection.4.2.4}{4.2.4\040Grouped\040or\040spread\040execution\040using\040direct\040connections}{section.4.2}% 41
\BOOKMARK [2][-]{subsection.4.2.5}{4.2.5\040Promising\040combinations\040of\040characteristics}{section.4.2}% 42
\BOOKMARK [2][-]{subsection.4.2.6}{4.2.6\040Execution\040Scheduling}{section.4.2}% 43
\BOOKMARK [1][-]{section.4.3}{4.3\040System\040Architecture}{chapter.4}% 44
\BOOKMARK [2][-]{subsection.4.3.1}{4.3.1\040Architecture\040Styles}{section.4.3}% 45
\BOOKMARK [2][-]{subsection.4.3.2}{4.3.2\040Choice\040of\040an\040Architecture\040Style}{section.4.3}% 46
\BOOKMARK [2][-]{subsection.4.3.3}{4.3.3\040User\040Interaction\040with\040the\040System}{section.4.3}% 47
\BOOKMARK [2][-]{subsection.4.3.4}{4.3.4\040Inter-component\040Communication}{section.4.3}% 48
\BOOKMARK [1][-]{section.4.4}{4.4\040System\040Design}{chapter.4}% 49
\BOOKMARK [2][-]{subsection.4.4.1}{4.4.1\040Components}{section.4.4}% 50
\BOOKMARK [2][-]{subsection.4.4.2}{4.4.2\040Communication}{section.4.4}% 51
\BOOKMARK [0][-]{chapter.5}{5\040Prototypical\040Implementation}{}% 52
\BOOKMARK [1][-]{section.5.1}{5.1\040Design\040decisions}{chapter.5}% 53
\BOOKMARK [1][-]{section.5.2}{5.2\040Execution\040Images}{chapter.5}% 54
\BOOKMARK [2][-]{subsection.5.2.1}{5.2.1\040Workflow\040Image}{section.5.2}% 55
\BOOKMARK [2][-]{subsection.5.2.2}{5.2.2\040Activity\040Image}{section.5.2}% 56
\BOOKMARK [1][-]{section.5.3}{5.3\040System\040Components}{chapter.5}% 57
\BOOKMARK [2][-]{subsection.5.3.1}{5.3.1\040Workflow\040Definition\040Service}{section.5.3}% 58
\BOOKMARK [2][-]{subsection.5.3.2}{5.3.2\040Organization\040Management\040Service}{section.5.3}% 59
\BOOKMARK [2][-]{subsection.5.3.3}{5.3.3\040Worklist\040Service}{section.5.3}% 60
\BOOKMARK [2][-]{subsection.5.3.4}{5.3.4\040Workflow\040Engine\040Service}{section.5.3}% 61
\BOOKMARK [2][-]{subsection.5.3.5}{5.3.5\040Developer\040Gateway}{section.5.3}% 62
\BOOKMARK [2][-]{subsection.5.3.6}{5.3.6\040User\040Gateway}{section.5.3}% 63
\BOOKMARK [2][-]{subsection.5.3.7}{5.3.7\040Message\040Oriented\040Middleware}{section.5.3}% 64
\BOOKMARK [2][-]{subsection.5.3.8}{5.3.8\040Infrastructure\040Management\040Service}{section.5.3}% 65
\BOOKMARK [2][-]{subsection.5.3.9}{5.3.9\040Registry}{section.5.3}% 66
\BOOKMARK [2][-]{subsection.5.3.10}{5.3.10\040Provisioning\040Service}{section.5.3}% 67
\BOOKMARK [1][-]{section.5.4}{5.4\040Implementation\040Issues\040and\040compromises}{chapter.5}% 68
\BOOKMARK [0][-]{chapter.6}{6\040Evaluation\040and\040Discussion}{}% 69
\BOOKMARK [0][-]{chapter.7}{7\040Conclusion}{}% 70
\BOOKMARK [0][-]{chapter*.41}{Bibliography}{}% 71
